build/outputs/logs/manifest-merger-debug-report.txt
-- Merging decision tree log ---
manifest
ADDED from 1026apk\ChildTimes\AndroidManifest.xml:2:1-59:12
	package
		ADDED from 1026apk\ChildTimes\AndroidManifest.xml:4:5-36
		INJECTED from 1026apk\ChildTimes\AndroidManifest.xml
		INJECTED from 1026apk\ChildTimes\AndroidManifest.xml
	android:versionName
		INJECTED from 1026apk\ChildTimes\AndroidManifest.xml
		INJECTED from 1026apk\ChildTimes\AndroidManifest.xml
	xmlns:tools
		ADDED from 1026apk\ChildTimes\AndroidManifest.xml:3:5-51
	xmlns:android
		ADDED from 1026apk\ChildTimes\AndroidManifest.xml:2:11-69
	android:versionCode
		INJECTED from 1026apk\ChildTimes\AndroidManifest.xml
		INJECTED from 1026apk\ChildTimes\AndroidManifest.xml
uses-sdk
ADDED from 1026apk\ChildTimes\AndroidManifest.xml:7:5-9:11
MERGED from [ChildTimes:vitamio2:unspecified] AndroidManifest.xml:7:5-9:41
MERGED from [com.android.support:appcompat-v7:23.1.1] AndroidManifest.xml:20:5-43
MERGED from [com.android.support:support-v4:23.1.1] AndroidManifest.xml:20:5-43
MERGED from [com.android.support:cardview-v7:23.2.0] AndroidManifest.xml:20:5-43
	tools:overrideLibrary
		ADDED from 1026apk\ChildTimes\AndroidManifest.xml:8:9-47
	android:targetSdkVersion
		INJECTED from 1026apk\ChildTimes\AndroidManifest.xml
		INJECTED from 1026apk\ChildTimes\AndroidManifest.xml
	android:minSdkVersion
		INJECTED from 1026apk\ChildTimes\AndroidManifest.xml
		INJECTED from 1026apk\ChildTimes\AndroidManifest.xml
uses-permission#android.permission.INTERNET
ADDED from 1026apk\ChildTimes\AndroidManifest.xml:11:5-67
MERGED from [ChildTimes:vitamio2:unspecified] AndroidManifest.xml:12:5-67
	android:name
		ADDED from 1026apk\ChildTimes\AndroidManifest.xml:11:22-64
uses-permission#android.permission.WRITE_EXTERNAL_STORAGE
ADDED from 1026apk\ChildTimes\AndroidManifest.xml:13:5-81
	android:name
		ADDED from 1026apk\ChildTimes\AndroidManifest.xml:13:22-78
uses-permission#android.permission.READ_PHONE_STATE
ADDED from 1026apk\ChildTimes\AndroidManifest.xml:14:5-75
	android:name
		ADDED from 1026apk\ChildTimes\AndroidManifest.xml:14:22-72
uses-permission#android.permission.READ_EXTERNAL_STORAGE
ADDED from 1026apk\ChildTimes\AndroidManifest.xml:15:5-80
	android:name
		ADDED from 1026apk\ChildTimes\AndroidManifest.xml:15:22-77
application
ADDED from 1026apk\ChildTimes\AndroidManifest.xml:17:5-57:19
MERGED from [ChildTimes:vitamio2:unspecified] AndroidManifest.xml:15:5-22:19
MERGED from [com.android.support:appcompat-v7:23.1.1] AndroidManifest.xml:22:5-20
MERGED from [com.android.support:support-v4:23.1.1] AndroidManifest.xml:22:5-20
MERGED from [com.android.support:cardview-v7:23.2.0] AndroidManifest.xml:22:5-20
	android:label
		ADDED from 1026apk\ChildTimes\AndroidManifest.xml:20:9-41
	android:allowBackup
		ADDED from 1026apk\ChildTimes\AndroidManifest.xml:18:9-35
	android:icon
		ADDED from 1026apk\ChildTimes\AndroidManifest.xml:19:9-45
	android:theme
		ADDED from 1026apk\ChildTimes\AndroidManifest.xml:21:9-40
activity#com.lee.privatecustom.activity.MainActivity
ADDED from 1026apk\ChildTimes\AndroidManifest.xml:25:9-36:20
	android:screenOrientation
		ADDED from 1026apk\ChildTimes\AndroidManifest.xml:29:13-49
	android:label
		ADDED from 1026apk\ChildTimes\AndroidManifest.xml:28:13-45
	android:configChanges
		ADDED from 1026apk\ChildTimes\AndroidManifest.xml:27:13-74
	android:theme
		ADDED from 1026apk\ChildTimes\AndroidManifest.xml:30:13-66
	android:name
		ADDED from 1026apk\ChildTimes\AndroidManifest.xml:26:13-50
intent-filter#android.intent.action.MAIN+android.intent.category.LAUNCHER
ADDED from 1026apk\ChildTimes\AndroidManifest.xml:31:13-35:29
action#android.intent.action.MAIN
ADDED from 1026apk\ChildTimes\AndroidManifest.xml:32:17-69
	android:name
		ADDED from 1026apk\ChildTimes\AndroidManifest.xml:32:25-66
category#android.intent.category.LAUNCHER
ADDED from 1026apk\ChildTimes\AndroidManifest.xml:34:17-77
	android:name
		ADDED from 1026apk\ChildTimes\AndroidManifest.xml:34:27-74
activity#com.lee.privatecustom.activity.FeedBackActivity
ADDED from 1026apk\ChildTimes\AndroidManifest.xml:39:9-42:69
	android:configChanges
		ADDED from 1026apk\ChildTimes\AndroidManifest.xml:41:13-74
	android:theme
		ADDED from 1026apk\ChildTimes\AndroidManifest.xml:42:13-66
	android:name
		ADDED from 1026apk\ChildTimes\AndroidManifest.xml:40:13-54
activity#com.lee.privatecustom.activity.PlayVideoActivity
ADDED from 1026apk\ChildTimes\AndroidManifest.xml:43:9-64
	android:name
		ADDED from 1026apk\ChildTimes\AndroidManifest.xml:43:19-61
activity#com.lee.privatecustom.activity.MusicActivity
ADDED from 1026apk\ChildTimes\AndroidManifest.xml:44:9-69
	android:name
		ADDED from 1026apk\ChildTimes\AndroidManifest.xml:44:19-57
activity#com.lee.privatecustom.activity.ShowVideoActivity
ADDED from 1026apk\ChildTimes\AndroidManifest.xml:45:9-50:20
	android:screenOrientation
		ADDED from 1026apk\ChildTimes\AndroidManifest.xml:47:13-56
	android:configChanges
		ADDED from 1026apk\ChildTimes\AndroidManifest.xml:46:13-74
	android:theme
		ADDED from 1026apk\ChildTimes\AndroidManifest.xml:48:13-44
	android:name
		ADDED from 1026apk\ChildTimes\AndroidManifest.xml:45:19-61
service#com.lee.privatecustom.service.MusicService
ADDED from 1026apk\ChildTimes\AndroidManifest.xml:52:9-56:19
	android:enabled
		ADDED from 1026apk\ChildTimes\AndroidManifest.xml:53:13-35
	android:exported
		ADDED from 1026apk\ChildTimes\AndroidManifest.xml:54:13-36
	android:name
		ADDED from 1026apk\ChildTimes\AndroidManifest.xml:52:18-54
uses-permission#android.permission.WAKE_LOCK
ADDED from [ChildTimes:vitamio2:unspecified] AndroidManifest.xml:11:5-68
	android:name
		ADDED from [ChildTimes:vitamio2:unspecified] AndroidManifest.xml:11:22-65
uses-permission#android.permission.ACCESS_NETWORK_STATE
ADDED from [ChildTimes:vitamio2:unspecified] AndroidManifest.xml:13:5-79
	android:name
		ADDED from [ChildTimes:vitamio2:unspecified] AndroidManifest.xml:13:22-76
activity#io.vov.vitamio.activity.InitActivity
ADDED from [ChildTimes:vitamio2:unspecified] AndroidManifest.xml:16:9-21:63
	android:launchMode
		ADDED from [ChildTimes:vitamio2:unspecified] AndroidManifest.xml:19:13-43
	android:windowSoftInputMode
		ADDED from [ChildTimes:vitamio2:unspecified] AndroidManifest.xml:21:13-60
	android:configChanges
		ADDED from [ChildTimes:vitamio2:unspecified] AndroidManifest.xml:18:13-113
	android:theme
		ADDED from [ChildTimes:vitamio2:unspecified] AndroidManifest.xml:20:13-60
	android:name
		ADDED from [ChildTimes:vitamio2:unspecified] AndroidManifest.xml:17:13-64